<?xml version="1.0" encoding="UTF-8"?>
<coverage generated="1578333474441" clover="3.2.0">
  <project timestamp="1578333474441" name="All files">
    <metrics statements="6" coveredstatements="6" conditionals="0" coveredconditionals="0" methods="1" coveredmethods="1" elements="7" coveredelements="7" complexity="0" loc="6" ncloc="6" packages="1" files="1" classes="1"/>
    <file name="Checkbox.jsx" path="/Users/liofleishman/Library/Application Support/Adobe/Adobe XD/develop/adobe-xd-blox-template-generator/src/components/Checkbox/Checkbox.jsx">
      <metrics statements="6" coveredstatements="6" conditionals="0" coveredconditionals="0" methods="1" coveredmethods="1"/>
      <line num="1" count="1" type="stmt"/>
      <line num="2" count="1" type="stmt"/>
      <line num="4" count="1" type="stmt"/>
      <line num="5" count="1" type="stmt"/>
      <line num="8" count="1" type="stmt"/>
      <line num="11" count="1" type="stmt"/>
    </file>
  </project>
</coverage>
