{"/Users/liofleishman/Library/Application Support/Adobe/Adobe XD/develop/adobe-xd-blox-template-generator/src/components/Checkbox/Checkbox.jsx": {"path":"/Users/liofleishman/Library/Application Support/Adobe/Adobe XD/develop/adobe-xd-blox-template-generator/src/components/Checkbox/Checkbox.jsx","statementMap":{"0":{"start":{"line":1,"column":14},"end":{"line":1,"column":30}},"1":{"start":{"line":2,"column":18},"end":{"line":2,"column":39}},"2":{"start":{"line":4,"column":17},"end":{"line":6,"column":1}},"3":{"start":{"line":5,"column":4},"end":{"line":5,"column":47}},"4":{"start":{"line":8,"column":0},"end":{"line":10,"column":2}},"5":{"start":{"line":11,"column":0},"end":{"line":11,"column":26}}},"fnMap":{"0":{"name":"(anonymous_0)","decl":{"start":{"line":4,"column":17},"end":{"line":4,"column":18}},"loc":{"start":{"line":4,"column":28},"end":{"line":6,"column":1}},"line":4}},"branchMap":{},"s":{"0":1,"1":1,"2":1,"3":1,"4":1,"5":1},"f":{"0":1},"b":{},"_coverageSchema":"43e27e138ebf9cfc5966b082cf9a028302ed4184","hash":"1c6b89b9b14d57ee9d3c6057045056b4a1178468"}
}
